
=== 股癌 Gooaye (after 2026-05-02) ===
  1 episode(s) in window
  [2026-05-02] 'EP658 | 🪿'
    Already saved — skipping

=== 財經M平方 podcast (after 2026-05-02) ===
  1 episode(s) in window
  [2026-05-02] 'After Meeting EP. 197｜鮑威爾最後一舞，卻是聯準會最大分歧'
    Already saved — skipping

=== 韭菜畢業班 (after 2026-05-03) ===
  1 episode(s) in window
  [2026-05-03] 'EP222 | 台、美股重點一次說， 美股巨頭財報總結，臻鼎-KY與mSAP需求，致茂與鴻勁的產品結構差異與互補'
    Already saved — skipping

=== 股海飯桶 WilsonRice (after 2026-05-04) ===
  1 episode(s) in window
  [2026-05-04] 'EP72｜開課都去ㄏㄍ ETF影響 封測'
    Already saved — skipping

=== 兆華與股惑仔 (after 2026-05-04) ===
  1 episode(s) in window
  [2026-05-04] 'EP1089｜5月開盤漲1800點，怕輸人，低持股、沒漲停都焦慮？多頭氣勢、熱門族群沒問題，問題在敢買誰？認清自己的最優'
    Already saved — skipping

=== 財報狗 (after 2026-04-30) ===
  1 episode(s) in window
  [2026-04-30] '519.【財經時事放大鏡】Event Trade？台積電 & Google'
    Already saved — skipping

Done. 0 new podcast episodes saved.

=== 股癌 Gooaye (after 2026-05-02) ===
  1 episode(s) in window
  [2026-05-02] 'EP658 | 🪿'
    Already saved — skipping

=== 財經M平方 podcast (after 2026-05-02) ===
  1 episode(s) in window
  [2026-05-02] 'After Meeting EP. 197｜鮑威爾最後一舞，卻是聯準會最大分歧'
    Already saved — skipping

=== 韭菜畢業班 (after 2026-05-03) ===
  1 episode(s) in window
  [2026-05-03] 'EP222 | 台、美股重點一次說， 美股巨頭財報總結，臻鼎-KY與mSAP需求，致茂與鴻勁的產品結構差異與互補'
    Already saved — skipping

=== 股海飯桶 WilsonRice (after 2026-05-04) ===
  1 episode(s) in window
  [2026-05-04] 'EP72｜開課都去ㄏㄍ ETF影響 封測'
    Already saved — skipping

=== 兆華與股惑仔 (after 2026-05-04) ===
  2 episode(s) in window
  [2026-05-05] 'EP1090｜美伊吵也不怕，不休息的台股要硬買嗎？散戶開槓桿會爆掉嗎？下跌敢撿的人，上漲更有底氣進場？手中不動的持股如何'
    Downloading audio…
    Downloaded 107.2 MB — transcribing…
    Transcription error: [Errno 2] No such file or directory: 'ffmpeg'
    Using show notes as fallback (297 chars)
    Saved id=553 (297 chars transcript)
  [2026-05-04] 'EP1089｜5月開盤漲1800點，怕輸人，低持股、沒漲停都焦慮？多頭氣勢、熱門族群沒問題，問題在敢買誰？認清自己的最優'
    Already saved — skipping

=== 財報狗 (after 2026-04-30) ===
  1 episode(s) in window
  [2026-04-30] '519.【財經時事放大鏡】Event Trade？台積電 & Google'
    Already saved — skipping

Done. 1 new podcast episodes saved.

=== 股癌 Gooaye (after 2026-05-02) ===
  2 episode(s) in window
  [2026-05-06] 'EP659 | 🦤'
    Downloading audio…
    Downloaded 46.9 MB — transcribing…
    Transcription error: [Errno 2] No such file or directory: 'ffmpeg'
    Using show notes as fallback (141 chars)
    Saved id=554 (141 chars transcript)
  [2026-05-02] 'EP658 | 🪿'
    Already saved — skipping

=== 財經M平方 podcast (after 2026-05-02) ===
  1 episode(s) in window
  [2026-05-02] 'After Meeting EP. 197｜鮑威爾最後一舞，卻是聯準會最大分歧'
    Already saved — skipping

=== 韭菜畢業班 (after 2026-05-03) ===
  2 episode(s) in window
  [2026-05-06] 'EP223 | 台、美股重點一次說， 記憶體與矽晶圓，NVIDIA設計變更對散熱族群的影響和後勢，AMD財報亮點與宜鼎產'
    Downloading audio…
    Downloaded 51.1 MB — transcribing…
    Transcription error: [Errno 2] No such file or directory: 'ffmpeg'
    Using show notes as fallback (243 chars)
    Saved id=555 (243 chars transcript)
  [2026-05-03] 'EP222 | 台、美股重點一次說， 美股巨頭財報總結，臻鼎-KY與mSAP需求，致茂與鴻勁的產品結構差異與互補'
    Already saved — skipping

=== 股海飯桶 WilsonRice (after 2026-05-04) ===
  1 episode(s) in window
  [2026-05-04] 'EP72｜開課都去ㄏㄍ ETF影響 封測'
    Already saved — skipping

=== 兆華與股惑仔 (after 2026-05-05) ===
  2 episode(s) in window
  [2026-05-06] 'EP1091｜再爆1.8兆量，台股洗完續強，放心的理由？載板回檔給機會，記憶體超強財報+法說續攻，散熱集體跌停，這次有大'
    Downloading audio…
    Downloaded 101.8 MB — transcribing…
    Transcription error: [Errno 2] No such file or directory: 'ffmpeg'
    Using show notes as fallback (257 chars)
    Saved id=556 (257 chars transcript)
  [2026-05-05] 'EP1090｜美伊吵也不怕，不休息的台股要硬買嗎？散戶開槓桿會爆掉嗎？下跌敢撿的人，上漲更有底氣進場？手中不動的持股如何'
    Already saved — skipping

=== 財報狗 (after 2026-04-30) ===
  1 episode(s) in window
  [2026-04-30] '519.【財經時事放大鏡】Event Trade？台積電 & Google'
    Already saved — skipping

Done. 3 new podcast episodes saved.

=== 股癌 Gooaye (after 2026-05-06) ===
  1 episode(s) in window
  [2026-05-06] 'EP659 | 🦤'
    Already saved — skipping

=== 財經M平方 podcast (after 2026-05-02) ===
  1 episode(s) in window
  [2026-05-02] 'After Meeting EP. 197｜鮑威爾最後一舞，卻是聯準會最大分歧'
    Already saved — skipping

=== 韭菜畢業班 (after 2026-05-06) ===
  1 episode(s) in window
  [2026-05-06] 'EP223 | 台、美股重點一次說， 記憶體與矽晶圓，NVIDIA設計變更對散熱族群的影響和後勢，AMD財報亮點與宜鼎產'
    Already saved — skipping

=== 股海飯桶 WilsonRice (after 2026-05-04) ===
  2 episode(s) in window
  [2026-05-07] 'EP73｜演講收穫良多 RUBIN狀況不順 國內資金枯竭'
    Downloading audio…
    Downloaded 37.8 MB — transcribing…
    Transcription error: [Errno 2] No such file or directory: 'ffmpeg'
    Using show notes as fallback (41 chars)
    Saved id=557 (41 chars transcript)
  [2026-05-04] 'EP72｜開課都去ㄏㄍ ETF影響 封測'
    Already saved — skipping

=== 兆華與股惑仔 (after 2026-05-06) ===
  2 episode(s) in window
  [2026-05-07] 'EP1092｜美伊和平利多用掉了，下一個刺激市場的會是降息？投信一定要買，低位階、有權值的被動元件、老AI、電源來了！f'
    Downloading audio…
    Downloaded 116.7 MB — transcribing…
    Transcription error: [Errno 2] No such file or directory: 'ffmpeg'
    Using show notes as fallback (244 chars)
    Saved id=558 (244 chars transcript)
  [2026-05-06] 'EP1091｜再爆1.8兆量，台股洗完續強，放心的理由？載板回檔給機會，記憶體超強財報+法說續攻，散熱集體跌停，這次有大'
    Already saved — skipping

=== 財報狗 (after 2026-04-30) ===
  1 episode(s) in window
  [2026-04-30] '519.【財經時事放大鏡】Event Trade？台積電 & Google'
    Already saved — skipping

Done. 2 new podcast episodes saved.

=== 股癌 Gooaye (after 2026-05-06) ===
  1 episode(s) in window
  [2026-05-06] 'EP659 | 🦤'
    Already saved — skipping

=== 財經M平方 podcast (after 2026-05-02) ===
  1 episode(s) in window
  [2026-05-02] 'After Meeting EP. 197｜鮑威爾最後一舞，卻是聯準會最大分歧'
    Already saved — skipping

=== 韭菜畢業班 (after 2026-05-06) ===
  1 episode(s) in window
  [2026-05-06] 'EP223 | 台、美股重點一次說， 記憶體與矽晶圓，NVIDIA設計變更對散熱族群的影響和後勢，AMD財報亮點與宜鼎產'
    Already saved — skipping

=== 股海飯桶 WilsonRice (after 2026-05-07) ===
  1 episode(s) in window
  [2026-05-07] 'EP73｜演講收穫良多 RUBIN狀況不順 國內資金枯竭'
    Already saved — skipping

=== 兆華與股惑仔 (after 2026-05-07) ===
  2 episode(s) in window
  [2026-05-08] 'EP1093｜盤中洗一下，兩股力量撐著，Q3才休息？台積電營收月減，IC龍頭股來補漲？載板、CPO、散熱震盪看法？操盤手'
    Downloading audio…
    Downloaded 86.9 MB — transcribing…
    Transcription error: [Errno 2] No such file or directory: 'ffmpeg'
    Using show notes as fallback (225 chars)
    Saved id=559 (225 chars transcript)
  [2026-05-07] 'EP1092｜美伊和平利多用掉了，下一個刺激市場的會是降息？投信一定要買，低位階、有權值的被動元件、老AI、電源來了！f'
    Already saved — skipping

=== 財報狗 (after 2026-04-30) ===
  2 episode(s) in window
  [2026-05-07] '520.【財經時事放大鏡】機器人 x 矽晶圓'
    Downloading audio…
    Downloaded 31.4 MB — transcribing…
    Transcription error: [Errno 2] No such file or directory: 'ffmpeg'
    Using show notes as fallback (403 chars)
    Saved id=560 (403 chars transcript)
  [2026-04-30] '519.【財經時事放大鏡】Event Trade？台積電 & Google'
    Already saved — skipping

Done. 2 new podcast episodes saved.
